01:30:20.178 INFO - Launching a standalone Selenium Server
01:30:20.218 INFO - Java: Oracle Corporation 24.79-b02
01:30:20.219 INFO - OS: Mac OS X 10.11.2 x86_64
01:30:20.235 INFO - v2.48.0, with Core v2.48.0. Built from revision 41bccdd
01:30:20.318 INFO - Driver provider org.openqa.selenium.ie.InternetExplorerDriver registration is skipped:
registration capabilities Capabilities [{platform=WINDOWS, ensureCleanSession=true, browserName=internet explorer, version=}] does not match the current platform MAC
01:30:20.318 INFO - Driver provider org.openqa.selenium.edge.EdgeDriver registration is skipped:
registration capabilities Capabilities [{platform=WINDOWS, browserName=MicrosoftEdge, version=}] does not match the current platform MAC
01:30:20.318 INFO - Driver class not found: com.opera.core.systems.OperaDriver
01:30:20.319 INFO - Driver provider com.opera.core.systems.OperaDriver is not registered
01:30:20.406 INFO - RemoteWebDriver instances should connect to: http://127.0.0.1:4444/wd/hub
01:30:20.406 INFO - Selenium Server is up and running
01:30:20.741 INFO - Executing: [new session: Capabilities [{platform=ANY, acceptSslCerts=true, javascriptEnabled=true, browserName=chrome, name=Walmart Login}]])
01:30:20.752 INFO - Creating a new session for Capabilities [{platform=ANY, acceptSslCerts=true, javascriptEnabled=true, browserName=chrome, name=Walmart Login}]
Starting ChromeDriver 2.20.353124 (035346203162d32c80f1dce587c8154a1efa0c3b) on port 41622
Only local connections are allowed.
01:30:23.842 INFO - Done: [new session: Capabilities [{platform=ANY, acceptSslCerts=true, javascriptEnabled=true, browserName=chrome, name=Walmart Login}]]
01:30:23.880 INFO - Executing: [get: http://walmart.com/account])
01:30:27.635 INFO - Done: [get: http://walmart.com/account]
01:30:27.652 INFO - Executing: [find elements: By.cssSelector: body])
01:30:27.708 INFO - Done: [find elements: By.cssSelector: body]
01:30:29.737 INFO - Executing: [find element: By.cssSelector: input[id=login-username]])
01:30:29.762 INFO - Done: [find element: By.cssSelector: input[id=login-username]]
01:30:29.769 INFO - Executing: [send keys: 1 [[ChromeDriver: chrome on MAC (5515eebea0c5a333eba4c2e247877199)] -> css selector: input[id=login-username]], [s, n, e, h, a, s, a, r, a, n, 7, 0, 0, @, g, m, a, i, l, ., c, o, m]])
01:30:29.908 INFO - Done: [send keys: 1 [[ChromeDriver: chrome on MAC (5515eebea0c5a333eba4c2e247877199)] -> css selector: input[id=login-username]], [s, n, e, h, a, s, a, r, a, n, 7, 0, 0, @, g, m, a, i, l, ., c, o, m]]
01:30:30.920 INFO - Executing: [find element: By.cssSelector: input[id=login-password]])
01:30:30.940 INFO - Done: [find element: By.cssSelector: input[id=login-password]]
01:30:30.945 INFO - Executing: [send keys: 2 [[ChromeDriver: chrome on MAC (5515eebea0c5a333eba4c2e247877199)] -> css selector: input[id=login-password]], [s, n, e, h, a, 1, 2, 3]])
01:30:31.029 INFO - Done: [send keys: 2 [[ChromeDriver: chrome on MAC (5515eebea0c5a333eba4c2e247877199)] -> css selector: input[id=login-password]], [s, n, e, h, a, 1, 2, 3]]
01:30:31.036 INFO - Executing: [find element: By.xpath: /html/body/div[2]/section/section[4]/div/div/div/div/div/div/div/form/div/button])
01:30:31.058 INFO - Done: [find element: By.xpath: /html/body/div[2]/section/section[4]/div/div/div/div/div/div/div/form/div/button]
01:30:31.063 INFO - Executing: [click: 3 [[ChromeDriver: chrome on MAC (5515eebea0c5a333eba4c2e247877199)] -> xpath: /html/body/div[2]/section/section[4]/div/div/div/div/div/div/div/form/div/button]])
01:30:31.148 INFO - Done: [click: 3 [[ChromeDriver: chrome on MAC (5515eebea0c5a333eba4c2e247877199)] -> xpath: /html/body/div[2]/section/section[4]/div/div/div/div/div/div/div/form/div/button]]
01:30:36.158 INFO - Executing: [find element: By.cssSelector: h1])
01:30:36.186 INFO - Done: [find element: By.cssSelector: h1]
01:30:36.192 INFO - Executing: [get text: 4 [[ChromeDriver: chrome on MAC (5515eebea0c5a333eba4c2e247877199)] -> css selector: h1]])
01:30:36.221 INFO - Done: [get text: 4 [[ChromeDriver: chrome on MAC (5515eebea0c5a333eba4c2e247877199)] -> css selector: h1]]
01:30:39.242 INFO - Executing: [find elements: By.cssSelector: input[type=text]])
01:30:39.315 INFO - Done: [find elements: By.cssSelector: input[type=text]]
01:30:39.328 INFO - Executing: [is displayed: 5 [[ChromeDriver: chrome on MAC (5515eebea0c5a333eba4c2e247877199)] -> css selector: input[type=text]]])
01:30:39.354 INFO - Done: [is displayed: 5 [[ChromeDriver: chrome on MAC (5515eebea0c5a333eba4c2e247877199)] -> css selector: input[type=text]]]
01:30:39.365 INFO - Executing: [find elements: By.cssSelector: input[type=text]])
01:30:39.400 INFO - Done: [find elements: By.cssSelector: input[type=text]]
01:30:39.407 INFO - Executing: [find element: By.cssSelector: input[type=text]])
01:30:39.439 INFO - Done: [find element: By.cssSelector: input[type=text]]
01:30:39.445 INFO - Executing: [send keys: 5 [[ChromeDriver: chrome on MAC (5515eebea0c5a333eba4c2e247877199)] -> css selector: input[type=text]], [t, v, ]])
01:30:55.108 INFO - Done: [send keys: 5 [[ChromeDriver: chrome on MAC (5515eebea0c5a333eba4c2e247877199)] -> css selector: input[type=text]], [t, v, ]]
01:30:57.163 INFO - Executing: [find element: By.xpath: //*[@id="tile-container"]/div[1]/div/div/h4/a])
01:30:57.218 INFO - Done: [find element: By.xpath: //*[@id="tile-container"]/div[1]/div/div/h4/a]
01:30:57.224 INFO - Executing: [click: 7 [[ChromeDriver: chrome on MAC (5515eebea0c5a333eba4c2e247877199)] -> xpath: //*[@id="tile-container"]/div[1]/div/div/h4/a]])
01:31:13.007 INFO - Done: [click: 7 [[ChromeDriver: chrome on MAC (5515eebea0c5a333eba4c2e247877199)] -> xpath: //*[@id="tile-container"]/div[1]/div/div/h4/a]]
01:31:18.026 INFO - Executing: [find elements: By.xpath: //*[@id="WMItemAddToCartBtn"]])
01:31:18.088 INFO - Done: [find elements: By.xpath: //*[@id="WMItemAddToCartBtn"]]
01:31:18.094 INFO - Executing: [is displayed: 8 [[ChromeDriver: chrome on MAC (5515eebea0c5a333eba4c2e247877199)] -> xpath: //*[@id="WMItemAddToCartBtn"]]])
01:31:18.174 INFO - Done: [is displayed: 8 [[ChromeDriver: chrome on MAC (5515eebea0c5a333eba4c2e247877199)] -> xpath: //*[@id="WMItemAddToCartBtn"]]]
01:31:18.183 INFO - Executing: [find element: By.xpath: //*[@id="WMItemAddToCartBtn"]])
01:31:18.463 INFO - Done: [find element: By.xpath: //*[@id="WMItemAddToCartBtn"]]
01:31:18.468 INFO - Executing: [click: 8 [[ChromeDriver: chrome on MAC (5515eebea0c5a333eba4c2e247877199)] -> xpath: //*[@id="WMItemAddToCartBtn"]]])
01:31:18.682 INFO - Done: [click: 8 [[ChromeDriver: chrome on MAC (5515eebea0c5a333eba4c2e247877199)] -> xpath: //*[@id="WMItemAddToCartBtn"]]]
01:31:23.690 INFO - Executing: [find elements: By.xpath: //*[@id="PACViewCartBtn"]])
01:31:23.729 INFO - Done: [find elements: By.xpath: //*[@id="PACViewCartBtn"]]
01:31:23.741 INFO - Executing: [find element: By.xpath: //*[@id="PACViewCartBtn"]])
01:31:23.789 INFO - Done: [find element: By.xpath: //*[@id="PACViewCartBtn"]]
01:31:23.794 INFO - Executing: [click: 9 [[ChromeDriver: chrome on MAC (5515eebea0c5a333eba4c2e247877199)] -> xpath: //*[@id="PACViewCartBtn"]]])
01:31:26.379 INFO - Done: [click: 9 [[ChromeDriver: chrome on MAC (5515eebea0c5a333eba4c2e247877199)] -> xpath: //*[@id="PACViewCartBtn"]]]
01:31:28.391 INFO - Executing: [find elements: By.xpath: //*[@id="CartItemInfo"]])
01:31:28.752 INFO - Done: [find elements: By.xpath: //*[@id="CartItemInfo"]]
01:31:28.758 INFO - Executing: [is displayed: 10 [[ChromeDriver: chrome on MAC (5515eebea0c5a333eba4c2e247877199)] -> xpath: //*[@id="CartItemInfo"]]])
01:31:28.780 INFO - Done: [is displayed: 10 [[ChromeDriver: chrome on MAC (5515eebea0c5a333eba4c2e247877199)] -> xpath: //*[@id="CartItemInfo"]]]
01:31:28.785 INFO - Executing: [find elements: By.xpath: //*[@id="CartItemInfo"]])
01:31:28.817 INFO - Done: [find elements: By.xpath: //*[@id="CartItemInfo"]]
01:31:28.828 INFO - Executing: [find elements: By.xpath: //*[@id="CartItemInfo"]])
01:31:28.857 INFO - Done: [find elements: By.xpath: //*[@id="CartItemInfo"]]
01:31:30.876 INFO - Executing: [find element: By.cssSelector: input[type=text]])
01:31:30.897 INFO - Done: [find element: By.cssSelector: input[type=text]]
01:31:30.903 INFO - Executing: [send keys: 20 [[ChromeDriver: chrome on MAC (5515eebea0c5a333eba4c2e247877199)] -> css selector: input[type=text]], [s, o, c, k, s, ]])
01:31:37.446 INFO - Done: [send keys: 20 [[ChromeDriver: chrome on MAC (5515eebea0c5a333eba4c2e247877199)] -> css selector: input[type=text]], [s, o, c, k, s, ]]
01:31:39.456 INFO - Executing: [find element: By.xpath: //*[@id="tile-container"]/ul/li[5]/div/a[1]/img])
01:31:39.490 INFO - Done: [find element: By.xpath: //*[@id="tile-container"]/ul/li[5]/div/a[1]/img]
01:31:39.495 INFO - Executing: [click: 21 [[ChromeDriver: chrome on MAC (5515eebea0c5a333eba4c2e247877199)] -> xpath: //*[@id="tile-container"]/ul/li[5]/div/a[1]/img]])
01:31:50.139 INFO - Done: [click: 21 [[ChromeDriver: chrome on MAC (5515eebea0c5a333eba4c2e247877199)] -> xpath: //*[@id="tile-container"]/ul/li[5]/div/a[1]/img]]
01:31:52.147 INFO - Executing: [find elements: By.xpath: //*[@id="WMItemAddToCartBtn"]])
01:31:52.664 INFO - Done: [find elements: By.xpath: //*[@id="WMItemAddToCartBtn"]]
01:31:52.669 INFO - Executing: [is displayed: 22 [[ChromeDriver: chrome on MAC (5515eebea0c5a333eba4c2e247877199)] -> xpath: //*[@id="WMItemAddToCartBtn"]]])
01:31:52.859 INFO - Done: [is displayed: 22 [[ChromeDriver: chrome on MAC (5515eebea0c5a333eba4c2e247877199)] -> xpath: //*[@id="WMItemAddToCartBtn"]]]
01:31:52.878 INFO - Executing: [find element: By.xpath: //*[@id="WMItemAddToCartBtn"]])
01:31:52.910 INFO - Done: [find element: By.xpath: //*[@id="WMItemAddToCartBtn"]]
01:31:52.915 INFO - Executing: [click: 22 [[ChromeDriver: chrome on MAC (5515eebea0c5a333eba4c2e247877199)] -> xpath: //*[@id="WMItemAddToCartBtn"]]])
01:31:53.244 INFO - Done: [click: 22 [[ChromeDriver: chrome on MAC (5515eebea0c5a333eba4c2e247877199)] -> xpath: //*[@id="WMItemAddToCartBtn"]]]
01:31:58.255 INFO - Executing: [find elements: By.xpath: //*[@id="PACViewCartBtn"]])
01:31:58.320 INFO - Done: [find elements: By.xpath: //*[@id="PACViewCartBtn"]]
01:31:58.328 INFO - Executing: [find element: By.xpath: //*[@id="PACViewCartBtn"]])
01:31:58.416 INFO - Done: [find element: By.xpath: //*[@id="PACViewCartBtn"]]
01:31:58.422 INFO - Executing: [click: 23 [[ChromeDriver: chrome on MAC (5515eebea0c5a333eba4c2e247877199)] -> xpath: //*[@id="PACViewCartBtn"]]])
01:32:00.932 INFO - Done: [click: 23 [[ChromeDriver: chrome on MAC (5515eebea0c5a333eba4c2e247877199)] -> xpath: //*[@id="PACViewCartBtn"]]]
01:32:02.943 INFO - Executing: [find elements: By.xpath: //*[@id="CartItemInfo"]])
01:32:02.980 INFO - Done: [find elements: By.xpath: //*[@id="CartItemInfo"]]
01:32:02.987 INFO - Executing: [is displayed: 24 [[ChromeDriver: chrome on MAC (5515eebea0c5a333eba4c2e247877199)] -> xpath: //*[@id="CartItemInfo"]]])
01:32:03.010 INFO - Done: [is displayed: 24 [[ChromeDriver: chrome on MAC (5515eebea0c5a333eba4c2e247877199)] -> xpath: //*[@id="CartItemInfo"]]]
01:32:03.014 INFO - Executing: [find elements: By.xpath: //*[@id="CartItemInfo"]])
01:32:03.041 INFO - Done: [find elements: By.xpath: //*[@id="CartItemInfo"]]
01:32:03.049 INFO - Executing: [find elements: By.xpath: //*[@id="CartItemInfo"]])
01:32:03.068 INFO - Done: [find elements: By.xpath: //*[@id="CartItemInfo"]]
01:32:05.084 INFO - Executing: [find element: By.cssSelector: input[type=text]])
01:32:05.108 INFO - Done: [find element: By.cssSelector: input[type=text]]
01:32:05.114 INFO - Executing: [send keys: 34 [[ChromeDriver: chrome on MAC (5515eebea0c5a333eba4c2e247877199)] -> css selector: input[type=text]], [d, v, d, ]])
01:34:48.890 INFO - Done: [send keys: 34 [[ChromeDriver: chrome on MAC (5515eebea0c5a333eba4c2e247877199)] -> css selector: input[type=text]], [d, v, d, ]]
01:34:50.902 INFO - Executing: [find element: By.xpath: //*[@id="tile-container"]/div[1]/div/div/h4/a])
01:34:50.940 INFO - Done: [find element: By.xpath: //*[@id="tile-container"]/div[1]/div/div/h4/a]
01:34:50.943 INFO - Executing: [click: 35 [[ChromeDriver: chrome on MAC (5515eebea0c5a333eba4c2e247877199)] -> xpath: //*[@id="tile-container"]/div[1]/div/div/h4/a]])
01:34:59.362 INFO - Done: [click: 35 [[ChromeDriver: chrome on MAC (5515eebea0c5a333eba4c2e247877199)] -> xpath: //*[@id="tile-container"]/div[1]/div/div/h4/a]]
01:35:01.375 INFO - Executing: [find elements: By.xpath: //*[@id="WMItemAddToCartBtn"]])
01:35:01.431 INFO - Done: [find elements: By.xpath: //*[@id="WMItemAddToCartBtn"]]
01:35:01.435 INFO - Executing: [is displayed: 36 [[ChromeDriver: chrome on MAC (5515eebea0c5a333eba4c2e247877199)] -> xpath: //*[@id="WMItemAddToCartBtn"]]])
01:35:01.453 INFO - Done: [is displayed: 36 [[ChromeDriver: chrome on MAC (5515eebea0c5a333eba4c2e247877199)] -> xpath: //*[@id="WMItemAddToCartBtn"]]]
01:35:01.466 INFO - Executing: [find element: By.xpath: //*[@id="WMItemAddToCartBtn"]])
01:35:01.493 INFO - Done: [find element: By.xpath: //*[@id="WMItemAddToCartBtn"]]
01:35:01.496 INFO - Executing: [click: 36 [[ChromeDriver: chrome on MAC (5515eebea0c5a333eba4c2e247877199)] -> xpath: //*[@id="WMItemAddToCartBtn"]]])
01:35:01.595 INFO - Done: [click: 36 [[ChromeDriver: chrome on MAC (5515eebea0c5a333eba4c2e247877199)] -> xpath: //*[@id="WMItemAddToCartBtn"]]]
01:35:06.607 INFO - Executing: [find elements: By.xpath: //*[@id="PACViewCartBtn"]])
01:35:06.637 INFO - Done: [find elements: By.xpath: //*[@id="PACViewCartBtn"]]
01:35:06.642 INFO - Executing: [find element: By.xpath: //*[@id="PACViewCartBtn"]])
01:35:06.672 INFO - Done: [find element: By.xpath: //*[@id="PACViewCartBtn"]]
01:35:06.675 INFO - Executing: [click: 37 [[ChromeDriver: chrome on MAC (5515eebea0c5a333eba4c2e247877199)] -> xpath: //*[@id="PACViewCartBtn"]]])
01:35:07.857 INFO - Done: [click: 37 [[ChromeDriver: chrome on MAC (5515eebea0c5a333eba4c2e247877199)] -> xpath: //*[@id="PACViewCartBtn"]]]
01:35:09.867 INFO - Executing: [find elements: By.xpath: //*[@id="CartItemInfo"]])
01:35:09.961 INFO - Done: [find elements: By.xpath: //*[@id="CartItemInfo"]]
01:35:10.473 INFO - Executing: [find elements: By.xpath: //*[@id="CartItemInfo"]])
01:35:10.497 INFO - Done: [find elements: By.xpath: //*[@id="CartItemInfo"]]
01:35:11.006 INFO - Executing: [find elements: By.xpath: //*[@id="CartItemInfo"]])
01:35:11.020 INFO - Done: [find elements: By.xpath: //*[@id="CartItemInfo"]]
01:35:11.528 INFO - Executing: [find elements: By.xpath: //*[@id="CartItemInfo"]])
01:35:11.540 INFO - Done: [find elements: By.xpath: //*[@id="CartItemInfo"]]
01:35:12.048 INFO - Executing: [find elements: By.xpath: //*[@id="CartItemInfo"]])
01:35:12.063 INFO - Done: [find elements: By.xpath: //*[@id="CartItemInfo"]]
01:35:12.571 INFO - Executing: [find elements: By.xpath: //*[@id="CartItemInfo"]])
01:35:12.792 INFO - Done: [find elements: By.xpath: //*[@id="CartItemInfo"]]
01:35:12.798 INFO - Executing: [is displayed: 38 [[ChromeDriver: chrome on MAC (5515eebea0c5a333eba4c2e247877199)] -> xpath: //*[@id="CartItemInfo"]]])
01:35:12.816 INFO - Done: [is displayed: 38 [[ChromeDriver: chrome on MAC (5515eebea0c5a333eba4c2e247877199)] -> xpath: //*[@id="CartItemInfo"]]]
01:35:12.822 INFO - Executing: [find elements: By.xpath: //*[@id="CartItemInfo"]])
01:35:13.428 INFO - Done: [find elements: By.xpath: //*[@id="CartItemInfo"]]
01:35:13.438 INFO - Executing: [find elements: By.xpath: //*[@id="CartItemInfo"]])
01:35:13.465 INFO - Done: [find elements: By.xpath: //*[@id="CartItemInfo"]]
01:35:15.479 INFO - Executing: [find element: By.cssSelector: input[type=text]])
01:35:15.500 INFO - Done: [find element: By.cssSelector: input[type=text]]
01:35:15.504 INFO - Executing: [send keys: 48 [[ChromeDriver: chrome on MAC (5515eebea0c5a333eba4c2e247877199)] -> css selector: input[type=text]], [i, P, h, o, n, e, ]])
01:35:21.635 INFO - Done: [send keys: 48 [[ChromeDriver: chrome on MAC (5515eebea0c5a333eba4c2e247877199)] -> css selector: input[type=text]], [i, P, h, o, n, e, ]]
01:35:23.642 INFO - Executing: [find element: By.xpath: //*[@id="tile-container"]/div[1]/div/div/h4/a])
01:35:23.698 INFO - Done: [find element: By.xpath: //*[@id="tile-container"]/div[1]/div/div/h4/a]
01:35:23.701 INFO - Executing: [click: 49 [[ChromeDriver: chrome on MAC (5515eebea0c5a333eba4c2e247877199)] -> xpath: //*[@id="tile-container"]/div[1]/div/div/h4/a]])
01:35:31.729 INFO - Done: [click: 49 [[ChromeDriver: chrome on MAC (5515eebea0c5a333eba4c2e247877199)] -> xpath: //*[@id="tile-container"]/div[1]/div/div/h4/a]]
01:35:33.735 INFO - Executing: [find elements: By.xpath: /html/body/div[2]/section/section[4]/div/div[2]/div[1]/div[5]/div[2]/div/div[2]/div/div[2]/div/div[1]/div/div/div/span[2]/label/span])
01:35:33.762 INFO - Done: [find elements: By.xpath: /html/body/div[2]/section/section[4]/div/div[2]/div[1]/div[5]/div[2]/div/div[2]/div/div[2]/div/div[1]/div/div/div/span[2]/label/span]
01:35:33.766 INFO - Executing: [is displayed: 50 [[ChromeDriver: chrome on MAC (5515eebea0c5a333eba4c2e247877199)] -> xpath: /html/body/div[2]/section/section[4]/div/div[2]/div[1]/div[5]/div[2]/div/div[2]/div/div[2]/div/div[1]/div/div/div/span[2]/label/span]])
01:35:33.783 INFO - Done: [is displayed: 50 [[ChromeDriver: chrome on MAC (5515eebea0c5a333eba4c2e247877199)] -> xpath: /html/body/div[2]/section/section[4]/div/div[2]/div[1]/div[5]/div[2]/div/div[2]/div/div[2]/div/div[1]/div/div/div/span[2]/label/span]]
01:35:33.786 INFO - Executing: [find elements: By.xpath: /html/body/div[2]/section/section[4]/div/div[2]/div[1]/div[5]/div[2]/div/div[2]/div/div[2]/div/div[1]/div/div/div/span[2]/label/span])
01:35:33.809 INFO - Done: [find elements: By.xpath: /html/body/div[2]/section/section[4]/div/div[2]/div[1]/div[5]/div[2]/div/div[2]/div/div[2]/div/div[1]/div/div/div/span[2]/label/span]
01:35:33.821 INFO - Executing: [find element: By.xpath: /html/body/div[2]/section/section[4]/div/div[2]/div[1]/div[5]/div[2]/div/div[2]/div/div[2]/div/div[1]/div/div/div/span[2]/label/span])
01:35:33.843 INFO - Done: [find element: By.xpath: /html/body/div[2]/section/section[4]/div/div[2]/div[1]/div[5]/div[2]/div/div[2]/div/div[2]/div/div[1]/div/div/div/span[2]/label/span]
01:35:33.846 INFO - Executing: [click: 50 [[ChromeDriver: chrome on MAC (5515eebea0c5a333eba4c2e247877199)] -> xpath: /html/body/div[2]/section/section[4]/div/div[2]/div[1]/div[5]/div[2]/div/div[2]/div/div[2]/div/div[1]/div/div/div/span[2]/label/span]])
01:35:34.006 INFO - Done: [click: 50 [[ChromeDriver: chrome on MAC (5515eebea0c5a333eba4c2e247877199)] -> xpath: /html/body/div[2]/section/section[4]/div/div[2]/div[1]/div[5]/div[2]/div/div[2]/div/div[2]/div/div[1]/div/div/div/span[2]/label/span]]
01:35:36.015 INFO - Executing: [find elements: By.xpath: //*[@id="WMItemAddToCartBtn"]])
01:35:36.044 INFO - Done: [find elements: By.xpath: //*[@id="WMItemAddToCartBtn"]]
01:35:36.047 INFO - Executing: [is displayed: 51 [[ChromeDriver: chrome on MAC (5515eebea0c5a333eba4c2e247877199)] -> xpath: //*[@id="WMItemAddToCartBtn"]]])
01:35:36.064 INFO - Done: [is displayed: 51 [[ChromeDriver: chrome on MAC (5515eebea0c5a333eba4c2e247877199)] -> xpath: //*[@id="WMItemAddToCartBtn"]]]
01:35:36.073 INFO - Executing: [find element: By.xpath: //*[@id="WMItemAddToCartBtn"]])
01:35:36.098 INFO - Done: [find element: By.xpath: //*[@id="WMItemAddToCartBtn"]]
01:35:36.102 INFO - Executing: [click: 51 [[ChromeDriver: chrome on MAC (5515eebea0c5a333eba4c2e247877199)] -> xpath: //*[@id="WMItemAddToCartBtn"]]])
01:35:36.189 INFO - Done: [click: 51 [[ChromeDriver: chrome on MAC (5515eebea0c5a333eba4c2e247877199)] -> xpath: //*[@id="WMItemAddToCartBtn"]]]
01:35:41.202 INFO - Executing: [find elements: By.xpath: //*[@id="PACViewCartBtn"]])
01:35:41.229 INFO - Done: [find elements: By.xpath: //*[@id="PACViewCartBtn"]]
01:35:41.236 INFO - Executing: [delete session: 4c34a808-21a4-4f06-ae12-37e0a10803f8])
01:35:41.841 INFO - Done: [delete session: 4c34a808-21a4-4f06-ae12-37e0a10803f8]
